1514553672355	geckodriver	INFO	geckodriver 0.19.1
1514553672380	geckodriver	INFO	Listening on 127.0.0.1:49914
1514553673650	mozrunner::runner	INFO	Running command: "/usr/bin/firefox" "-marionette" "-profile" "/tmp/rust_mozprofile.FJVfGsLwfW0k"
1514553674642	Marionette	INFO	Enabled via --marionette
1514553678553	Marionette	INFO	Listening on port 37451
1514553678584	Marionette	WARN	TLS certificate errors will be ignored for this session
1514553678655	Marionette	DEBUG	Register listener.js for window 2147483649
1514553678684	Marionette	DEBUG	Received DOM event "beforeunload" for "about:blank"
1514553679581	Marionette	DEBUG	Received DOM event "pagehide" for "about:blank"
1514553679581	Marionette	DEBUG	Received DOM event "unload" for "about:blank"
1514553680944	Marionette	DEBUG	Received DOM event "DOMContentLoaded" for "https://www.instagram.com/"
1514553681357	Marionette	DEBUG	Received DOM event "pageshow" for "https://www.instagram.com/"
1514554087095	geckodriver	INFO	geckodriver 0.19.1
1514554087106	geckodriver	INFO	Listening on 127.0.0.1:55255
1514554088287	mozrunner::runner	INFO	Running command: "/usr/bin/firefox" "-marionette" "-profile" "/tmp/rust_mozprofile.XPs9sGb60onU"
1514554089077	Marionette	INFO	Enabled via --marionette
1514554092177	Marionette	INFO	Listening on port 39387
1514554092205	Marionette	WARN	TLS certificate errors will be ignored for this session
1514554092281	Marionette	DEBUG	Register listener.js for window 2147483649
1514554092336	Marionette	DEBUG	Received DOM event "beforeunload" for "about:blank"
1514554093041	Marionette	DEBUG	Received DOM event "pagehide" for "about:blank"
1514554093041	Marionette	DEBUG	Received DOM event "unload" for "about:blank"
1514554093462	Marionette	DEBUG	Received DOM event "DOMContentLoaded" for "https://www.instagram.com/accounts/login/?force_classic_login"
1514554094136	Marionette	DEBUG	Received DOM event "pageshow" for "https://www.instagram.com/accounts/login/?force_classic_login"
1514554232061	geckodriver	INFO	geckodriver 0.19.1
1514554232072	geckodriver	INFO	Listening on 127.0.0.1:53462
1514554233226	mozrunner::runner	INFO	Running command: "/usr/bin/firefox" "-marionette" "-profile" "/tmp/rust_mozprofile.UxoKXH8kMTgU"
1514554234154	Marionette	INFO	Enabled via --marionette
1514554237508	Marionette	INFO	Listening on port 35113
1514554237547	Marionette	WARN	TLS certificate errors will be ignored for this session
1514554237647	Marionette	DEBUG	Register listener.js for window 2147483649
1514554237678	Marionette	DEBUG	Received DOM event "beforeunload" for "about:blank"
1514554238198	Marionette	DEBUG	Received DOM event "pagehide" for "about:blank"
1514554238199	Marionette	DEBUG	Received DOM event "unload" for "about:blank"
1514554238634	Marionette	DEBUG	Received DOM event "DOMContentLoaded" for "https://www.instagram.com/accounts/login/?force_classic_login"
1514554239284	Marionette	DEBUG	Received DOM event "pageshow" for "https://www.instagram.com/accounts/login/?force_classic_login"

###!!! [Child][RunMessage] Error: Channel closing: too late to send/recv, messages will be lost


###!!! [Child][RunMessage] Error: Channel closing: too late to send/recv, messages will be lost

[Parent 14107, Gecko_IOThread] WARNING: pipe error (75): Connection reset by peer: file /build/firefox-JSAO4L/firefox-57.0.3+build1/ipc/chromium/src/chrome/common/ipc_channel_posix.cc, line 353
